<?xml version="1.0" encoding="UTF-8"?>
<testng-results skipped="0" failed="4" total="12" passed="8">
  <reporter-output>
  </reporter-output>
  <suite name="TestClass" duration-ms="40" started-at="2016-12-12T09:01:47Z" finished-at="2016-12-12T09:01:47Z">
    <groups>
      <group name="a">
        <method signature="NewClass.seleniumTest()[pri:0, instance:test.java.NewClass@6b2fad11]" name="seleniumTest" class="test.java.NewClass"/>
        <method signature="TestClass.seleniumTest()[pri:0, instance:test.java.TestClass@7a5d012c]" name="seleniumTest" class="test.java.TestClass"/>
        <method signature="TestClass.testMethod()[pri:2, instance:test.java.TestClass@7a5d012c]" name="testMethod" class="test.java.TestClass"/>
        <method signature="TestClass.testMethodb()[pri:1, instance:test.java.TestClass@7a5d012c]" name="testMethodb" class="test.java.TestClass"/>
        <method signature="NewClass.seleniumTest()[pri:0, instance:test.java.NewClass@3f2a3a5]" name="seleniumTest" class="test.java.NewClass"/>
        <method signature="TestClass.seleniumTest()[pri:0, instance:test.java.TestClass@60addb54]" name="seleniumTest" class="test.java.TestClass"/>
        <method signature="TestClass.testMethod()[pri:2, instance:test.java.TestClass@60addb54]" name="testMethod" class="test.java.TestClass"/>
        <method signature="TestClass.testMethodb()[pri:1, instance:test.java.TestClass@60addb54]" name="testMethodb" class="test.java.TestClass"/>
      </group> <!-- a -->
      <group name="b">
        <method signature="TestClass.testMethodC()[pri:0, instance:test.java.TestClass@7a5d012c]" name="testMethodC" class="test.java.TestClass"/>
        <method signature="TestClass.testMethodD()[pri:0, instance:test.java.TestClass@7a5d012c]" name="testMethodD" class="test.java.TestClass"/>
        <method signature="TestClass.testMethodC()[pri:0, instance:test.java.TestClass@60addb54]" name="testMethodC" class="test.java.TestClass"/>
        <method signature="TestClass.testMethodD()[pri:0, instance:test.java.TestClass@60addb54]" name="testMethodD" class="test.java.TestClass"/>
      </group> <!-- b -->
    </groups>
    <test name="Demo" duration-ms="40" started-at="2016-12-12T09:01:47Z" finished-at="2016-12-12T09:01:47Z">
      <class name="test.java.NewClass">
        <test-method status="FAIL" signature="seleniumTest()[pri:0, instance:test.java.NewClass@6b2fad11]" name="seleniumTest" duration-ms="0" started-at="2016-12-12T14:31:47Z" finished-at="2016-12-12T14:31:47Z">
          <exception class="java.lang.NullPointerException">
            <message>
              <![CDATA[Name is null]]>
            </message>
            <full-stacktrace>
              <![CDATA[java.lang.NullPointerException: Name is null
	at java.lang.Enum.valueOf(Enum.java:236)
	at main.java.MainClass$Browser.valueOf(MainClass.java:23)
	at main.java.MainClass.launchBrowser(MainClass.java:46)
	at test.java.NewClass.seleniumTest(NewClass.java:16)
	at sun.reflect.NativeMethodAccessorImpl.invoke0(Native Method)
	at sun.reflect.NativeMethodAccessorImpl.invoke(NativeMethodAccessorImpl.java:62)
	at sun.reflect.DelegatingMethodAccessorImpl.invoke(DelegatingMethodAccessorImpl.java:43)
	at java.lang.reflect.Method.invoke(Method.java:498)
	at org.testng.internal.MethodInvocationHelper.invokeMethod(MethodInvocationHelper.java:86)
	at org.testng.internal.Invoker.invokeMethod(Invoker.java:643)
	at org.testng.internal.Invoker.invokeTestMethod(Invoker.java:820)
	at org.testng.internal.Invoker.invokeTestMethods(Invoker.java:1128)
	at org.testng.internal.TestMethodWorker.invokeTestMethods(TestMethodWorker.java:129)
	at org.testng.internal.TestMethodWorker.run(TestMethodWorker.java:112)
	at org.testng.TestRunner.privateRun(TestRunner.java:782)
	at org.testng.TestRunner.run(TestRunner.java:632)
	at org.testng.SuiteRunner.runTest(SuiteRunner.java:366)
	at org.testng.SuiteRunner.access$000(SuiteRunner.java:39)
	at org.testng.SuiteRunner$SuiteWorker.run(SuiteRunner.java:400)
	at org.testng.internal.thread.ThreadUtil$2.call(ThreadUtil.java:64)
	at java.util.concurrent.FutureTask.run(FutureTask.java:266)
	at java.util.concurrent.ThreadPoolExecutor.runWorker(ThreadPoolExecutor.java:1142)
	at java.util.concurrent.ThreadPoolExecutor$Worker.run(ThreadPoolExecutor.java:617)
	at java.lang.Thread.run(Thread.java:745)
]]>
            </full-stacktrace>
          </exception> <!-- java.lang.NullPointerException -->
          <reporter-output>
          </reporter-output>
        </test-method> <!-- seleniumTest -->
      </class> <!-- test.java.NewClass -->
      <class name="test.java.TestClass">
        <test-method status="FAIL" signature="seleniumTest()[pri:0, instance:test.java.TestClass@7a5d012c]" name="seleniumTest" duration-ms="10" started-at="2016-12-12T14:31:47Z" finished-at="2016-12-12T14:31:47Z">
          <exception class="java.lang.NullPointerException">
            <full-stacktrace>
              <![CDATA[java.lang.NullPointerException
	at main.java.MainClass.openApplication(MainClass.java:86)
	at test.java.TestClass.seleniumTest(TestClass.java:20)
	at sun.reflect.NativeMethodAccessorImpl.invoke0(Native Method)
	at sun.reflect.NativeMethodAccessorImpl.invoke(NativeMethodAccessorImpl.java:62)
	at sun.reflect.DelegatingMethodAccessorImpl.invoke(DelegatingMethodAccessorImpl.java:43)
	at java.lang.reflect.Method.invoke(Method.java:498)
	at org.testng.internal.MethodInvocationHelper.invokeMethod(MethodInvocationHelper.java:86)
	at org.testng.internal.Invoker.invokeMethod(Invoker.java:643)
	at org.testng.internal.Invoker.invokeTestMethod(Invoker.java:820)
	at org.testng.internal.Invoker.invokeTestMethods(Invoker.java:1128)
	at org.testng.internal.TestMethodWorker.invokeTestMethods(TestMethodWorker.java:129)
	at org.testng.internal.TestMethodWorker.run(TestMethodWorker.java:112)
	at org.testng.TestRunner.privateRun(TestRunner.java:782)
	at org.testng.TestRunner.run(TestRunner.java:632)
	at org.testng.SuiteRunner.runTest(SuiteRunner.java:366)
	at org.testng.SuiteRunner.access$000(SuiteRunner.java:39)
	at org.testng.SuiteRunner$SuiteWorker.run(SuiteRunner.java:400)
	at org.testng.internal.thread.ThreadUtil$2.call(ThreadUtil.java:64)
	at java.util.concurrent.FutureTask.run(FutureTask.java:266)
	at java.util.concurrent.ThreadPoolExecutor.runWorker(ThreadPoolExecutor.java:1142)
	at java.util.concurrent.ThreadPoolExecutor$Worker.run(ThreadPoolExecutor.java:617)
	at java.lang.Thread.run(Thread.java:745)
]]>
            </full-stacktrace>
          </exception> <!-- java.lang.NullPointerException -->
          <reporter-output>
          </reporter-output>
        </test-method> <!-- seleniumTest -->
        <test-method status="PASS" signature="testMethodC()[pri:0, instance:test.java.TestClass@7a5d012c]" name="testMethodC" duration-ms="10" started-at="2016-12-12T14:31:47Z" finished-at="2016-12-12T14:31:47Z">
          <reporter-output>
          </reporter-output>
        </test-method> <!-- testMethodC -->
        <test-method status="PASS" signature="testMethodD()[pri:0, instance:test.java.TestClass@7a5d012c]" name="testMethodD" duration-ms="0" started-at="2016-12-12T14:31:47Z" finished-at="2016-12-12T14:31:47Z">
          <reporter-output>
          </reporter-output>
        </test-method> <!-- testMethodD -->
        <test-method status="PASS" signature="testMethodb()[pri:1, instance:test.java.TestClass@7a5d012c]" name="testMethodb" duration-ms="0" started-at="2016-12-12T14:31:47Z" finished-at="2016-12-12T14:31:47Z">
          <reporter-output>
          </reporter-output>
        </test-method> <!-- testMethodb -->
        <test-method status="PASS" signature="testMethod()[pri:2, instance:test.java.TestClass@7a5d012c]" name="testMethod" duration-ms="0" started-at="2016-12-12T14:31:47Z" finished-at="2016-12-12T14:31:47Z">
          <reporter-output>
          </reporter-output>
        </test-method> <!-- testMethod -->
      </class> <!-- test.java.TestClass -->
    </test> <!-- Demo -->
    <test name="IEDemo" duration-ms="40" started-at="2016-12-12T09:01:47Z" finished-at="2016-12-12T09:01:47Z">
      <class name="test.java.NewClass">
        <test-method status="FAIL" signature="seleniumTest()[pri:0, instance:test.java.NewClass@3f2a3a5]" name="seleniumTest" duration-ms="10" started-at="2016-12-12T14:31:47Z" finished-at="2016-12-12T14:31:47Z">
          <exception class="java.lang.NullPointerException">
            <message>
              <![CDATA[Name is null]]>
            </message>
            <full-stacktrace>
              <![CDATA[java.lang.NullPointerException: Name is null
	at java.lang.Enum.valueOf(Enum.java:236)
	at main.java.MainClass$Browser.valueOf(MainClass.java:23)
	at main.java.MainClass.launchBrowser(MainClass.java:46)
	at test.java.NewClass.seleniumTest(NewClass.java:16)
	at sun.reflect.NativeMethodAccessorImpl.invoke0(Native Method)
	at sun.reflect.NativeMethodAccessorImpl.invoke(NativeMethodAccessorImpl.java:62)
	at sun.reflect.DelegatingMethodAccessorImpl.invoke(DelegatingMethodAccessorImpl.java:43)
	at java.lang.reflect.Method.invoke(Method.java:498)
	at org.testng.internal.MethodInvocationHelper.invokeMethod(MethodInvocationHelper.java:86)
	at org.testng.internal.Invoker.invokeMethod(Invoker.java:643)
	at org.testng.internal.Invoker.invokeTestMethod(Invoker.java:820)
	at org.testng.internal.Invoker.invokeTestMethods(Invoker.java:1128)
	at org.testng.internal.TestMethodWorker.invokeTestMethods(TestMethodWorker.java:129)
	at org.testng.internal.TestMethodWorker.run(TestMethodWorker.java:112)
	at org.testng.TestRunner.privateRun(TestRunner.java:782)
	at org.testng.TestRunner.run(TestRunner.java:632)
	at org.testng.SuiteRunner.runTest(SuiteRunner.java:366)
	at org.testng.SuiteRunner.access$000(SuiteRunner.java:39)
	at org.testng.SuiteRunner$SuiteWorker.run(SuiteRunner.java:400)
	at org.testng.internal.thread.ThreadUtil$2.call(ThreadUtil.java:64)
	at java.util.concurrent.FutureTask.run(FutureTask.java:266)
	at java.util.concurrent.ThreadPoolExecutor.runWorker(ThreadPoolExecutor.java:1142)
	at java.util.concurrent.ThreadPoolExecutor$Worker.run(ThreadPoolExecutor.java:617)
	at java.lang.Thread.run(Thread.java:745)
]]>
            </full-stacktrace>
          </exception> <!-- java.lang.NullPointerException -->
          <reporter-output>
          </reporter-output>
        </test-method> <!-- seleniumTest -->
      </class> <!-- test.java.NewClass -->
      <class name="test.java.TestClass">
        <test-method status="FAIL" signature="seleniumTest()[pri:0, instance:test.java.TestClass@60addb54]" name="seleniumTest" duration-ms="10" started-at="2016-12-12T14:31:47Z" finished-at="2016-12-12T14:31:47Z">
          <exception class="java.lang.NullPointerException">
            <full-stacktrace>
              <![CDATA[java.lang.NullPointerException
	at main.java.MainClass.openApplication(MainClass.java:86)
	at test.java.TestClass.seleniumTest(TestClass.java:20)
	at sun.reflect.NativeMethodAccessorImpl.invoke0(Native Method)
	at sun.reflect.NativeMethodAccessorImpl.invoke(NativeMethodAccessorImpl.java:62)
	at sun.reflect.DelegatingMethodAccessorImpl.invoke(DelegatingMethodAccessorImpl.java:43)
	at java.lang.reflect.Method.invoke(Method.java:498)
	at org.testng.internal.MethodInvocationHelper.invokeMethod(MethodInvocationHelper.java:86)
	at org.testng.internal.Invoker.invokeMethod(Invoker.java:643)
	at org.testng.internal.Invoker.invokeTestMethod(Invoker.java:820)
	at org.testng.internal.Invoker.invokeTestMethods(Invoker.java:1128)
	at org.testng.internal.TestMethodWorker.invokeTestMethods(TestMethodWorker.java:129)
	at org.testng.internal.TestMethodWorker.run(TestMethodWorker.java:112)
	at org.testng.TestRunner.privateRun(TestRunner.java:782)
	at org.testng.TestRunner.run(TestRunner.java:632)
	at org.testng.SuiteRunner.runTest(SuiteRunner.java:366)
	at org.testng.SuiteRunner.access$000(SuiteRunner.java:39)
	at org.testng.SuiteRunner$SuiteWorker.run(SuiteRunner.java:400)
	at org.testng.internal.thread.ThreadUtil$2.call(ThreadUtil.java:64)
	at java.util.concurrent.FutureTask.run(FutureTask.java:266)
	at java.util.concurrent.ThreadPoolExecutor.runWorker(ThreadPoolExecutor.java:1142)
	at java.util.concurrent.ThreadPoolExecutor$Worker.run(ThreadPoolExecutor.java:617)
	at java.lang.Thread.run(Thread.java:745)
]]>
            </full-stacktrace>
          </exception> <!-- java.lang.NullPointerException -->
          <reporter-output>
          </reporter-output>
        </test-method> <!-- seleniumTest -->
        <test-method status="PASS" signature="testMethodD()[pri:0, instance:test.java.TestClass@60addb54]" name="testMethodD" duration-ms="0" started-at="2016-12-12T14:31:47Z" finished-at="2016-12-12T14:31:47Z">
          <reporter-output>
          </reporter-output>
        </test-method> <!-- testMethodD -->
        <test-method status="PASS" signature="testMethodC()[pri:0, instance:test.java.TestClass@60addb54]" name="testMethodC" duration-ms="0" started-at="2016-12-12T14:31:47Z" finished-at="2016-12-12T14:31:47Z">
          <reporter-output>
          </reporter-output>
        </test-method> <!-- testMethodC -->
        <test-method status="PASS" signature="testMethod()[pri:2, instance:test.java.TestClass@60addb54]" name="testMethod" duration-ms="0" started-at="2016-12-12T14:31:47Z" finished-at="2016-12-12T14:31:47Z">
          <reporter-output>
          </reporter-output>
        </test-method> <!-- testMethod -->
        <test-method status="PASS" signature="testMethodb()[pri:1, instance:test.java.TestClass@60addb54]" name="testMethodb" duration-ms="0" started-at="2016-12-12T14:31:47Z" finished-at="2016-12-12T14:31:47Z">
          <reporter-output>
          </reporter-output>
        </test-method> <!-- testMethodb -->
      </class> <!-- test.java.TestClass -->
    </test> <!-- IEDemo -->
  </suite> <!-- TestClass -->
</testng-results>
